<?xml version="1.0" encoding="UTF-8"?>
<!-- Generated by org.testng.reporters.JUnitReportReporter -->
<testsuite hostname="DESKTOP-AJ0UVLN" failures="0" tests="1" name="com.qc.testng.test.LoginTest" time="0.581" errors="0" timestamp="2024-10-04T16:00:31 IST" skipped="0">
  <testcase classname="com.qc.testng.test.LoginTest" name="doLogin" time="0.581"/>
  <system-out/>
</testsuite> <!-- com.qc.testng.test.LoginTest -->
